Build started 9/10/2012 1:35:57 PM.
     1>Project "C:\Users\Everson11\Documents\GitHub\Intro-CPP\reportcard\reportcard\reportcard.vcxproj" on node 2 (build target(s)).
     1>InitializeBuildStatus:
         Creating "Debug\reportcard.unsuccessfulbuild" because "AlwaysCreate" was specified.
       ClCompile:
         C:\Program Files (x86)\Microsoft Visual Studio 10.0\VC\bin\CL.exe /c /ZI /nologo /W3 /WX- /Od /Oy- /D _MBCS /Gm /EHsc /RTC1 /MDd /GS /fp:precise /Zc:wchar_t /Zc:forScope /Fo"Debug\\" /Fd"Debug\vc100.pdb" /Gd /TP /analyze- /errorReport:prompt main.cpp
         main.cpp
     1>c:\users\everson11\documents\github\intro-cpp\reportcard\reportcard\main.cpp(19): error C2143: syntax error : missing ',' before '<'
     1>c:\users\everson11\documents\github\intro-cpp\reportcard\reportcard\main.cpp(19): error C2086: 'int i' : redefinition
                 c:\users\everson11\documents\github\intro-cpp\reportcard\reportcard\main.cpp(19) : see declaration of 'i'
     1>c:\users\everson11\documents\github\intro-cpp\reportcard\reportcard\main.cpp(20): error C2143: syntax error : missing ';' before '{'
     1>c:\users\everson11\documents\github\intro-cpp\reportcard\reportcard\main.cpp(26): error C2143: syntax error : missing ',' before '<'
     1>c:\users\everson11\documents\github\intro-cpp\reportcard\reportcard\main.cpp(26): error C2086: 'int i' : redefinition
                 c:\users\everson11\documents\github\intro-cpp\reportcard\reportcard\main.cpp(26) : see declaration of 'i'
     1>c:\users\everson11\documents\github\intro-cpp\reportcard\reportcard\main.cpp(27): error C2143: syntax error : missing ';' before '{'
     1>Done Building Project "C:\Users\Everson11\Documents\GitHub\Intro-CPP\reportcard\reportcard\reportcard.vcxproj" (build target(s)) -- FAILED.

Build FAILED.

Time Elapsed 00:00:05.06
